This is pdfTeX, Version 3.141592653-2.6-1.40.28 (TeX Live 2025) (preloaded format=pdflatex 2026.1.11)  20 JAN 2026 01:13
entering extended mode
 restricted \write18 enabled.
 file:line:error style messages enabled.
 %&-line parsing enabled.
**"c:/Users/Anuka/Desktop/7th Sem/EE7802 UGP/Github_Repo/HAR-FYP/Documents/Proposal/Project_Proposal_Doc/main.tex"
(c:/Users/Anuka/Desktop/7th Sem/EE7802 UGP/Github_Repo/HAR-FYP/Documents/Proposal/Project_Proposal_Doc/main.tex
LaTeX2e <2025-11-01>
L3 programming layer <2025-12-29>
(c:/texlive/2025/texmf-dist/tex/latex/base/report.cls
Document Class: report 2025/01/22 v1.4n Standard LaTeX document class
(c:/texlive/2025/texmf-dist/tex/latex/base/size12.clo
File: size12.clo 2025/01/22 v1.4n Standard LaTeX file (size option)
)
\c@part=\count275
\c@chapter=\count276
\c@section=\count277
\c@subsection=\count278
\c@subsubsection=\count279
\c@paragraph=\count280
\c@subparagraph=\count281
\c@figure=\count282
\c@table=\count283
\abovecaptionskip=\skip49
\belowcaptionskip=\skip50
\bibindent=\dimen148
) (c:/texlive/2025/texmf-dist/tex/latex/graphics/graphicx.sty
Package: graphicx 2024/12/31 v1.2e Enhanced LaTeX Graphics (DPC,SPQR)
 (c:/texlive/2025/texmf-dist/tex/latex/graphics/keyval.sty
Package: keyval 2022/05/29 v1.15 key=value parser (DPC)
\KV@toks@=\toks17
) (c:/texlive/2025/texmf-dist/tex/latex/graphics/graphics.sty
Package: graphics 2024/08/06 v1.4g Standard LaTeX Graphics (DPC,SPQR)
 (c:/texlive/2025/texmf-dist/tex/latex/graphics/trig.sty
Package: trig 2023/12/02 v1.11 sin cos tan (DPC)
) (c:/texlive/2025/texmf-dist/tex/latex/graphics-cfg/graphics.cfg
File: graphics.cfg 2016/06/04 v1.11 sample graphics configuration
)
Package graphics Info: Driver file: pdftex.def on input line 106.
 (c:/texlive/2025/texmf-dist/tex/latex/graphics-def/pdftex.def
File: pdftex.def 2025/09/29 v1.2d Graphics/color driver for pdftex
))
\Gin@req@height=\dimen149
\Gin@req@width=\dimen150
) (c:/texlive/2025/texmf-dist/tex/latex/titlesec/titlesec.sty
Package: titlesec 2025/01/04 v2.17 Sectioning titles
\ttl@box=\box53
\beforetitleunit=\skip51
\aftertitleunit=\skip52
\ttl@plus=\dimen151
\ttl@minus=\dimen152
\ttl@toksa=\toks18
\titlewidth=\dimen153
\titlewidthlast=\dimen154
\titlewidthfirst=\dimen155
) (c:/texlive/2025/texmf-dist/tex/latex/tocloft/tocloft.sty
Package: tocloft 2017/08/31 v2.3i parameterised ToC, etc., typesetting
Package tocloft Info: The document has chapter divisions on input line 51.
\cftparskip=\skip53
\cftbeforetoctitleskip=\skip54
\cftaftertoctitleskip=\skip55
\cftbeforepartskip=\skip56
\cftpartnumwidth=\skip57
\cftpartindent=\skip58
\cftbeforechapskip=\skip59
\cftchapindent=\skip60
\cftchapnumwidth=\skip61
\cftbeforesecskip=\skip62
\cftsecindent=\skip63
\cftsecnumwidth=\skip64
\cftbeforesubsecskip=\skip65
\cftsubsecindent=\skip66
\cftsubsecnumwidth=\skip67
\cftbeforesubsubsecskip=\skip68
\cftsubsubsecindent=\skip69
\cftsubsubsecnumwidth=\skip70
\cftbeforeparaskip=\skip71
\cftparaindent=\skip72
\cftparanumwidth=\skip73
\cftbeforesubparaskip=\skip74
\cftsubparaindent=\skip75
\cftsubparanumwidth=\skip76
\cftbeforeloftitleskip=\skip77
\cftafterloftitleskip=\skip78
\cftbeforefigskip=\skip79
\cftfigindent=\skip80
\cftfignumwidth=\skip81
\c@lofdepth=\count284
\c@lotdepth=\count285
\cftbeforelottitleskip=\skip82
\cftafterlottitleskip=\skip83
\cftbeforetabskip=\skip84
\cfttabindent=\skip85
\cfttabnumwidth=\skip86
) (c:/texlive/2025/texmf-dist/tex/latex/acro/acro.sty (c:/texlive/2025/texmf-dist/tex/latex/l3packages/l3keys2e/l3keys2e.sty (c:/texlive/2025/texmf-dist/tex/latex/l3kernel/expl3.sty
Package: expl3 2025-12-29 L3 programming layer (loader) 
 (c:/texlive/2025/texmf-dist/tex/latex/l3backend/l3backend-pdftex.def
File: l3backend-pdftex.def 2025-10-09 L3 backend support: PDF output (pdfTeX)
\l__color_backend_stack_int=\count286
))
Package: l3keys2e 2025-10-09 LaTeX2e option processing using LaTeX3 keys
)
Package: acro 2022/04/01 v3.8 typeset acronyms and other abbreviations (CN)
\l__acro_tmpa_int=\count287
\l__acro_tmpb_int=\count288
\l__acro_tmpc_int=\count289
\l__acro_tmpd_int=\count290
Loading module `base' ...
Loading module `interface' ...
Loading module `aux' ...
Loading module `properties' ...
Loading module `acronyms' ...
Loading module `formatting' ...
Loading module `ppfixes' ...
Loading module `tools' ...
\l__acro_minimal_usage_int=\count291
\l__acro_nest_int=\count292
\g_acro_barrier_int=\count293
\g_acro_barrier_total_int=\count294
Loading module `commands' ...
\l_acro_nest_level_int=\count295
Loading module `templates' ...
Loading module `list' ...
Loading module `pages' ...
\l__acro_pages_seq_threshold_int=\count296
Loading module `locale' ...
 (c:/texlive/2025/texmf-dist/tex/latex/translations/translations.sty
Package: translations 2022/02/05 v1.12 internationalization of LaTeX2e packages (CN)
 (c:/texlive/2025/texmf-dist/tex/latex/etoolbox/etoolbox.sty
Package: etoolbox 2025/10/02 v2.5m e-TeX tools for LaTeX (JAW)
\etb@tempcnta=\count297
) (c:/texlive/2025/texmf-dist/tex/generic/pdftexcmds/pdftexcmds.sty
Package: pdftexcmds 2020-06-27 v0.33 Utility functions of pdfTeX for LuaTeX (HO)
 (c:/texlive/2025/texmf-dist/tex/generic/infwarerr/infwarerr.sty
Package: infwarerr 2019/12/03 v1.5 Providing info/warning/error messages (HO)
) (c:/texlive/2025/texmf-dist/tex/generic/iftex/iftex.sty
Package: iftex 2024/12/12 v1.0g TeX engine tests
) (c:/texlive/2025/texmf-dist/tex/generic/ltxcmds/ltxcmds.sty
Package: ltxcmds 2023-12-04 v1.26 LaTeX kernel commands for general use (HO)
)
Package pdftexcmds Info: \pdf@primitive is available.
Package pdftexcmds Info: \pdf@ifprimitive is available.
Package pdftexcmds Info: \pdfdraftmode found.
))
Loading module `pdfsupport' ...
Loading module `patch' ...
Loading module `definitions' ...
Loading module `upgrade' ...
)
==> First Aid for acro.sty applied!
(c:/texlive/2025/texmf-dist/tex/latex/enumitem/enumitem.sty
Package: enumitem 2025/02/06 v3.11 Customized lists
\labelindent=\skip87
\enit@outerparindent=\dimen156
\enit@toks=\toks19
\enit@inbox=\box54
\enit@count@id=\count298
\enitdp@description=\count299
) (c:/texlive/2025/texmf-dist/tex/latex/placeins/placeins.sty
Package: placeins 2005/04/18  v 2.2
) (c:/texlive/2025/texmf-dist/tex/latex/float/float.sty
Package: float 2001/11/08 v1.3d Float enhancements (AL)
\c@float@type=\count300
\float@exts=\toks20
\float@box=\box55
\@float@everytoks=\toks21
\@floatcapt=\box56
) (c:/texlive/2025/texmf-dist/tex/latex/caption/caption.sty
Package: caption 2023/08/05 v3.6o Customizing captions (AR)
 (c:/texlive/2025/texmf-dist/tex/latex/caption/caption3.sty
Package: caption3 2023/07/31 v2.4d caption3 kernel (AR)
\caption@tempdima=\dimen157
\captionmargin=\dimen158
\caption@leftmargin=\dimen159
\caption@rightmargin=\dimen160
\caption@width=\dimen161
\caption@indent=\dimen162
\caption@parindent=\dimen163
\caption@hangindent=\dimen164
Package caption Info: Standard document class detected.
)
\c@caption@flags=\count301
\c@continuedfloat=\count302
Package caption Info: float package is loaded.
) (c:/texlive/2025/texmf-dist/tex/latex/tools/tabularx.sty
Package: tabularx 2023/12/11 v2.12a `tabularx' package (DPC)
 (c:/texlive/2025/texmf-dist/tex/latex/tools/array.sty
Package: array 2025/09/25 v2.6n Tabular extension package (FMi)
\col@sep=\dimen165
\ar@mcellbox=\box57
\extrarowheight=\dimen166
\NC@list=\toks22
\extratabsurround=\skip88
\backup@length=\skip89
\ar@cellbox=\box58
)
\TX@col@width=\dimen167
\TX@old@table=\dimen168
\TX@old@col=\dimen169
\TX@target=\dimen170
\TX@delta=\dimen171
\TX@cols=\count303
\TX@ftn=\toks23
) (c:/texlive/2025/texmf-dist/tex/latex/natbib/natbib.sty
Package: natbib 2010/09/13 8.31b (PWD, AO)
\bibhang=\skip90
\bibsep=\skip91
LaTeX Info: Redefining \cite on input line 694.
\c@NAT@ctr=\count304
) (c:/texlive/2025/texmf-dist/tex/latex/cite/chapterbib.sty
\c@inputfile=\count305
Package: chapterbib 2010/09/18  v 1.17
) (c:/texlive/2025/texmf-dist/tex/latex/hyperref/hyperref.sty
Package: hyperref 2025-07-12 v7.01o Hypertext links for LaTeX
 (c:/texlive/2025/texmf-dist/tex/latex/kvsetkeys/kvsetkeys.sty
Package: kvsetkeys 2022-10-05 v1.19 Key value parser (HO)
) (c:/texlive/2025/texmf-dist/tex/generic/kvdefinekeys/kvdefinekeys.sty
Package: kvdefinekeys 2019-12-19 v1.6 Define keys (HO)
) (c:/texlive/2025/texmf-dist/tex/generic/pdfescape/pdfescape.sty
Package: pdfescape 2019/12/09 v1.15 Implements pdfTeX's escape features (HO)
) (c:/texlive/2025/texmf-dist/tex/latex/hycolor/hycolor.sty
Package: hycolor 2020-01-27 v1.10 Color options for hyperref/bookmark (HO)
) (c:/texlive/2025/texmf-dist/tex/latex/hyperref/nameref.sty
Package: nameref 2025-06-21 v2.57 Cross-referencing by name of section
 (c:/texlive/2025/texmf-dist/tex/latex/refcount/refcount.sty
Package: refcount 2019/12/15 v3.6 Data extraction from label references (HO)
) (c:/texlive/2025/texmf-dist/tex/generic/gettitlestring/gettitlestring.sty
Package: gettitlestring 2019/12/15 v1.6 Cleanup title references (HO)
 (c:/texlive/2025/texmf-dist/tex/latex/kvoptions/kvoptions.sty
Package: kvoptions 2022-06-15 v3.15 Key value format for package options (HO)
))
\c@section@level=\count306
) (c:/texlive/2025/texmf-dist/tex/generic/stringenc/stringenc.sty
Package: stringenc 2019/11/29 v1.12 Convert strings between diff. encodings (HO)
)
\@linkdim=\dimen172
\Hy@linkcounter=\count307
\Hy@pagecounter=\count308
 (c:/texlive/2025/texmf-dist/tex/latex/hyperref/pd1enc.def
File: pd1enc.def 2025-07-12 v7.01o Hyperref: PDFDocEncoding definition (HO)
Now handling font encoding PD1 ...
... no UTF-8 mapping file for font encoding PD1
) (c:/texlive/2025/texmf-dist/tex/generic/intcalc/intcalc.sty
Package: intcalc 2019/12/15 v1.3 Expandable calculations with integers (HO)
)
\Hy@SavedSpaceFactor=\count309
 (c:/texlive/2025/texmf-dist/tex/latex/hyperref/puenc.def
File: puenc.def 2025-07-12 v7.01o Hyperref: PDF Unicode definition (HO)
Now handling font encoding PU ...
... no UTF-8 mapping file for font encoding PU
)
Package hyperref Info: Option `breaklinks' set `true' on input line 4066.
Package hyperref Info: Hyper figures OFF on input line 4195.
Package hyperref Info: Link nesting OFF on input line 4200.
Package hyperref Info: Hyper index ON on input line 4203.
Package hyperref Info: Plain pages OFF on input line 4210.
Package hyperref Info: Backreferencing OFF on input line 4215.
Package hyperref Info: Implicit mode ON; LaTeX internals redefined.
Package hyperref Info: Bookmarks ON on input line 4462.
\c@Hy@tempcnt=\count310
 (c:/texlive/2025/texmf-dist/tex/latex/url/url.sty
\Urlmuskip=\muskip17
Package: url 2013/09/16  ver 3.4  Verb mode for urls, etc.
)
LaTeX Info: Redefining \url on input line 4801.
\XeTeXLinkMargin=\dimen173
 (c:/texlive/2025/texmf-dist/tex/generic/bitset/bitset.sty
Package: bitset 2019/12/09 v1.3 Handle bit-vector datatype (HO)
 (c:/texlive/2025/texmf-dist/tex/generic/bigintcalc/bigintcalc.sty
Package: bigintcalc 2019/12/15 v1.5 Expandable calculations on big integers (HO)
))
\Fld@menulength=\count311
\Field@Width=\dimen174
\Fld@charsize=\dimen175
Package hyperref Info: Hyper figures OFF on input line 6078.
Package hyperref Info: Link nesting OFF on input line 6083.
Package hyperref Info: Hyper index ON on input line 6086.
Package hyperref Info: backreferencing OFF on input line 6093.
Package hyperref Info: Link coloring OFF on input line 6098.
Package hyperref Info: Link coloring with OCG OFF on input line 6103.
Package hyperref Info: PDF/A mode OFF on input line 6108.
\Hy@abspage=\count312
\c@Item=\count313
\c@Hfootnote=\count314
)
Package hyperref Info: Driver (autodetected): hpdftex.
 (c:/texlive/2025/texmf-dist/tex/latex/hyperref/hpdftex.def
File: hpdftex.def 2025-07-12 v7.01o Hyperref driver for pdfTeX
\Fld@listcount=\count315
\c@bookmark@seq@number=\count316
 (c:/texlive/2025/texmf-dist/tex/latex/rerunfilecheck/rerunfilecheck.sty
Package: rerunfilecheck 2025-06-21 v1.11 Rerun checks for auxiliary files (HO)
 (c:/texlive/2025/texmf-dist/tex/generic/uniquecounter/uniquecounter.sty
Package: uniquecounter 2019/12/15 v1.4 Provide unlimited unique counter (HO)
)
Package uniquecounter Info: New unique counter `rerunfilecheck' on input line 284.
)
\Hy@SectionHShift=\skip92
) (c:/texlive/2025/texmf-dist/tex/latex/geometry/geometry.sty
Package: geometry 2020/01/02 v5.9 Page Geometry
 (c:/texlive/2025/texmf-dist/tex/generic/iftex/ifvtex.sty
Package: ifvtex 2019/10/25 v1.7 ifvtex legacy package. Use iftex instead.
)
\Gm@cnth=\count317
\Gm@cntv=\count318
\c@Gm@tempcnt=\count319
\Gm@bindingoffset=\dimen176
\Gm@wd@mp=\dimen177
\Gm@odd@mp=\dimen178
\Gm@even@mp=\dimen179
\Gm@layoutwidth=\dimen180
\Gm@layoutheight=\dimen181
\Gm@layouthoffset=\dimen182
\Gm@layoutvoffset=\dimen183
\Gm@dimlist=\toks24
)
\c@g@acro@AI@int=\count320
\c@g@acro@AMASS@int=\count321
\c@g@acro@API@int=\count322
\c@g@acro@AR@int=\count323
\c@g@acro@biRNN@int=\count324
\c@g@acro@CoM@int=\count325
\c@g@acro@DIP@int=\count326
\c@g@acro@DNN@int=\count327
\c@g@acro@ECE@int=\count328
\c@g@acro@FID@int=\count329
\c@g@acro@FIP@int=\count330
\c@g@acro@FPS@int=\count331
\c@g@acro@FSR@int=\count332
\c@g@acro@GPU@int=\count333
\c@g@acro@HMR@int=\count334
\c@g@acro@IK@int=\count335
\c@g@acro@IMU@int=\count336
\c@g@acro@LBS@int=\count337
\c@g@acro@LPIPS@int=\count338
\c@g@acro@ML@int=\count339
\c@g@acro@MPJPE@int=\count340
\c@g@acro@PA-MPJPE@int=\count341
\c@g@acro@PD@int=\count342
\c@g@acro@PIFu@int=\count343
\c@g@acro@PIP@int=\count344
\c@g@acro@PCA@int=\count345
\c@g@acro@PSD@int=\count346
\c@g@acro@PVE@int=\count347
\c@g@acro@RGB@int=\count348
\c@g@acro@RNN@int=\count349
\c@g@acro@ROMP@int=\count350
\c@g@acro@SIP@int=\count351
\c@g@acro@SMPL@int=\count352
\c@g@acro@TIP@int=\count353
\c@g@acro@VR@int=\count354
Package translations Info: No language package found. I am going to use `english' as default language. on input line 217.
 (./main.aux (./cover.aux))
\openout1 = `main.aux'.

LaTeX Font Info:    Checking defaults for OML/cmm/m/it on input line 217.
LaTeX Font Info:    ... okay on input line 217.
LaTeX Font Info:    Checking defaults for OMS/cmsy/m/n on input line 217.
LaTeX Font Info:    ... okay on input line 217.
LaTeX Font Info:    Checking defaults for OT1/cmr/m/n on input line 217.
LaTeX Font Info:    ... okay on input line 217.
LaTeX Font Info:    Checking defaults for T1/cmr/m/n on input line 217.
LaTeX Font Info:    ... okay on input line 217.
LaTeX Font Info:    Checking defaults for TS1/cmr/m/n on input line 217.
LaTeX Font Info:    ... okay on input line 217.
LaTeX Font Info:    Checking defaults for OMX/cmex/m/n on input line 217.
LaTeX Font Info:    ... okay on input line 217.
LaTeX Font Info:    Checking defaults for U/cmr/m/n on input line 217.
LaTeX Font Info:    ... okay on input line 217.
LaTeX Font Info:    Checking defaults for PD1/pdf/m/n on input line 217.
LaTeX Font Info:    ... okay on input line 217.
LaTeX Font Info:    Checking defaults for PU/pdf/m/n on input line 217.
LaTeX Font Info:    ... okay on input line 217.
 (c:/texlive/2025/texmf-dist/tex/context/base/mkii/supp-pdf.mkii
[Loading MPS to PDF converter (version 2006.09.02).]
\scratchcounter=\count355
\scratchdimen=\dimen184
\scratchbox=\box59
\nofMPsegments=\count356
\nofMParguments=\count357
\everyMPshowfont=\toks25
\MPscratchCnt=\count358
\MPscratchDim=\dimen185
\MPnumerator=\count359
\makeMPintoPDFobject=\count360
\everyMPtoPDFconversion=\toks26
) (c:/texlive/2025/texmf-dist/tex/latex/epstopdf-pkg/epstopdf-base.sty
Package: epstopdf-base 2020-01-24 v2.11 Base part for package epstopdf
Package epstopdf-base Info: Redefining graphics rule for `.eps' on input line 485.
 (c:/texlive/2025/texmf-dist/tex/latex/latexconfig/epstopdf-sys.cfg
File: epstopdf-sys.cfg 2010/07/13 v1.3 Configuration of (r)epstopdf for TeX Live
)) (c:/texlive/2025/texmf-dist/tex/latex/translations/translations-basic-dictionary-english.trsl
File: translations-basic-dictionary-english.trsl (english translation file `translations-basic-dictionary')
)
Package translations Info: loading dictionary `translations-basic-dictionary' for `english'. on input line 217.
Package caption Info: Begin \AtBeginDocument code.
Package caption Info: hyperref package is loaded.
Package caption Info: End \AtBeginDocument code.
Package hyperref Info: Link coloring OFF on input line 217.
 (./main.out) (./main.out)
\@outlinefile=\write3
\openout3 = `main.out'.


*geometry* driver: auto-detecting
*geometry* detected driver: pdftex
*geometry* verbose mode - [ preamble ] result:
* driver: pdftex
* paper: a4paper
* layout: <same size as paper>
* layoutoffset:(h,v)=(0.0pt,0.0pt)
* modes: 
* h-part:(L,W,R)=(108.405pt, 416.83289pt, 72.26999pt)
* v-part:(T,H,B)=(72.26999pt, 700.50687pt, 72.26999pt)
* \paperwidth=597.50787pt
* \paperheight=845.04684pt
* \textwidth=416.83289pt
* \textheight=700.50687pt
* \oddsidemargin=36.13501pt
* \evensidemargin=36.13501pt
* \topmargin=-37.0pt
* \headheight=12.0pt
* \headsep=25.0pt
* \topskip=12.0pt
* \footskip=30.0pt
* \marginparwidth=35.0pt
* \marginparsep=10.0pt
* \columnsep=10.0pt
* \skip\footins=10.8pt plus 4.0pt minus 2.0pt
* \hoffset=0.0pt
* \voffset=0.0pt
* \mag=1000
* \@twocolumnfalse
* \@twosidefalse
* \@mparswitchfalse
* \@reversemarginfalse
* (1in=72.27pt=25.4mm, 1cm=28.453pt)

\openout2 = `cover.aux'.

(./cover.tex
<uor_logo.jpg, id=111, 236.885pt x 332.24126pt>
File: uor_logo.jpg Graphic file (type jpg)
<use uor_logo.jpg>
Package pdftex.def Info: uor_logo.jpg  used on input line 6.
(pdftex.def)             Requested size: 56.9055pt x 79.8105pt.
LaTeX Font Info:    External font `cmex10' loaded for size
(Font)              <12> on input line 44.
LaTeX Font Info:    External font `cmex10' loaded for size
(Font)              <8> on input line 44.
LaTeX Font Info:    External font `cmex10' loaded for size
(Font)              <6> on input line 44.
) [1



{c:/texlive/2025/texmf-var/fonts/map/pdftex/updmap/pdftex.map} <./uor_logo.jpg>] [2


] (./main.toc)
\tf@toc=\write4
\openout4 = `main.toc'.

 [3] (./main.lof)
\tf@lof=\write5
\openout5 = `main.lof'.

 [4] (./main.lot)
\tf@lot=\write6
\openout6 = `main.lot'.

 [5] [6] [7]
Chapter 1.

pdfTeX warning (ext4): destination with the same identifier (name{page.1}) has been already used, duplicate ignored
<to be read again> 
                   \relax 
l.260 
       [1] [2]
Overfull \hbox (4.26968pt too wide) in paragraph at lines 279--280
\OT1/cmr/m/n/12 cesses, and drift com-pen-sa-tion al-go-rithms which in-creases the com-pu-ta-tional power,
 []

[3] [4] [5]
Chapter 2.
<Overview of the DIP pipeline.png, id=261, 1145.02782pt x 288.3272pt>
File: Overview of the DIP pipeline.png Graphic file (type png)
<use Overview of the DIP pipeline.png>
Package pdftex.def Info: Overview of the DIP pipeline.png  used on input line 336.
(pdftex.def)             Requested size: 395.98996pt x 99.71495pt.
[6

]
<Overview of the TIP pipeline.png, id=271, 1108.8928pt x 389.20406pt>
File: Overview of the TIP pipeline.png Graphic file (type png)
<use Overview of the TIP pipeline.png>
Package pdftex.def Info: Overview of the TIP pipeline.png  used on input line 347.
(pdftex.def)             Requested size: 1108.8901pt x 389.20311pt.
 [7 <./Overview of the DIP pipeline.png> <./Overview of the TIP pipeline.png>]
<Illustration of FIP.png, id=281, 1355.0625pt x 1283.79625pt>
File: Illustration of FIP.png Graphic file (type png)
<use Illustration of FIP.png>
Package pdftex.def Info: Illustration of FIP.png  used on input line 364.
(pdftex.def)             Requested size: 375.13487pt x 355.40555pt.
 [8 <./Illustration of FIP.png>]
<Overview of the system proposed in tautges 2011.png, id=288, 508.14844pt x 269.50688pt>
File: Overview of the system proposed in tautges 2011.png Graphic file (type png)
<use Overview of the system proposed in tautges 2011.png>
Package pdftex.def Info: Overview of the system proposed in tautges 2011.png  used on input line 378.
(pdftex.def)             Requested size: 395.98996pt x 210.02945pt.
<Overview of the system proposed in kelly 2010.png, id=291, 515.67656pt x 816.80156pt>
File: Overview of the system proposed in kelly 2010.png Graphic file (type png)
<use Overview of the system proposed in kelly 2010.png>
Package pdftex.def Info: Overview of the system proposed in kelly 2010.png  used on input line 390.
(pdftex.def)             Requested size: 333.4783pt x 528.21017pt.
 [9 <./Overview of the system proposed in tautges 2011.png>] [10 <./Overview of the system proposed in kelly 2010.png>]
<Sensor positioning of WWSN and 3 axes of accelerometer.png, id=309, 371.13657pt x 214.55156pt>
File: Sensor positioning of WWSN and 3 axes of accelerometer.png Graphic file (type png)
<use Sensor positioning of WWSN and 3 axes of accelerometer.png>
Package pdftex.def Info: Sensor positioning of WWSN and 3 axes of accelerometer.png  used on input line 410.
(pdftex.def)             Requested size: 395.98996pt x 228.92296pt.
 [11 <./Sensor positioning of WWSN and 3 axes of accelerometer.png>]
Overfull \hbox (0.95245pt too wide) in paragraph at lines 421--422
\OT1/cmr/m/n/12 Traditional mo-tion cap-ture of-ten re-lies on de-riv-ing ab-so-lute 3D co-or-di-nates ($\OML/cmm/m/it/12 x; y; z$\OT1/cmr/m/n/12 )
 []

<Evaluation of SMPLify reconstruction performance across varying accuracy percentiles.png, id=320, 714.2685pt x 393.26926pt>
File: Evaluation of SMPLify reconstruction performance across varying accuracy percentiles.png Graphic file (type png)
<use Evaluation of SMPLify reconstruction performance across varying accuracy percentiles.png>
Package pdftex.def Info: Evaluation of SMPLify reconstruction performance across varying accuracy percentiles.png  used on input line 443.
(pdftex.def)             Requested size: 395.98996pt x 218.03299pt.
[12]
<Qualitative results of Human Mesh Recovery (HMR) on unconstrained monocular RGB images.png, id=334, 1004.553pt x 382.42876pt>
File: Qualitative results of Human Mesh Recovery (HMR) on unconstrained monocular RGB images.png Graphic file (type png)
<use Qualitative results of Human Mesh Recovery (HMR) on unconstrained monocular RGB images.png>
Package pdftex.def Info: Qualitative results of Human Mesh Recovery (HMR) on unconstrained monocular RGB images.png  used on input line 455.
(pdftex.def)             Requested size: 395.98996pt x 150.75134pt.
 [13 <./Evaluation of SMPLify reconstruction performance across varying accuracy percentiles.png> <./Qualitative results of Human Mesh Recovery (HMR) on unconstrained monocular RGB images.png>]
<The ROMP One-Stage Regression Architecture for 3D Mesh Recovery.png, id=347, 937.70325pt x 207.174pt>
File: The ROMP One-Stage Regression Architecture for 3D Mesh Recovery.png Graphic file (type png)
<use The ROMP One-Stage Regression Architecture for 3D Mesh Recovery.png>
Package pdftex.def Info: The ROMP One-Stage Regression Architecture for 3D Mesh Recovery.png  used on input line 479.
(pdftex.def)             Requested size: 395.98996pt x 87.48982pt.
<Decomposition of the SMPL model into shape and pose parameters.png, id=350, 631.60968pt x 519.44063pt>
File: Decomposition of the SMPL model into shape and pose parameters.png Graphic file (type png)
<use Decomposition of the SMPL model into shape and pose parameters.png>
Package pdftex.def Info: Decomposition of the SMPL model into shape and pose parameters.png  used on input line 494.
(pdftex.def)             Requested size: 333.46758pt x 274.24806pt.
 [14 <./The ROMP One-Stage Regression Architecture for 3D Mesh Recovery.png>]
<Real-time 3D Human Mesh Recovery (HMR) from a single RGB image.png, id=365, 937.25156pt x 400.49625pt>
File: Real-time 3D Human Mesh Recovery (HMR) from a single RGB image.png Graphic file (type png)
<use Real-time 3D Human Mesh Recovery (HMR) from a single RGB image.png>
Package pdftex.def Info: Real-time 3D Human Mesh Recovery (HMR) from a single RGB image.png  used on input line 506.
(pdftex.def)             Requested size: 375.14705pt x 160.30565pt.
<High-resolution surface reconstruction using Pixel-aligned Implicit Functions (PIFu).png, id=366, 645.16031pt x 264.99pt>
File: High-resolution surface reconstruction using Pixel-aligned Implicit Functions (PIFu).png Graphic file (type png)
<use High-resolution surface reconstruction using Pixel-aligned Implicit Functions (PIFu).png>
Package pdftex.def Info: High-resolution surface reconstruction using Pixel-aligned Implicit Functions (PIFu).png  used on input line 513.
(pdftex.def)             Requested size: 375.14705pt x 154.08652pt.
 [15 <./Decomposition of the SMPL model into shape and pose parameters.png> <./Real-time 3D Human Mesh Recovery (HMR) from a single RGB image.png>]
<Comparison of joint volume loss in standard Linear Blend Skinning (LBS) vs. the corrected Pose Space Deformation (PSD).png, id=377, 846.91406pt x 203.25937pt>
File: Comparison of joint volume loss in standard Linear Blend Skinning (LBS) vs. the corrected Pose Space Deformation (PSD).png Graphic file (type png)
<use Comparison of joint volume loss in standard Linear Blend Skinning (LBS) vs. the corrected Pose Space Deformation (PSD).png>
Package pdftex.def Info: Comparison of joint volume loss in standard Linear Blend Skinning (LBS) vs. the corrected Pose Space Deformation (PSD).png  used on input line 525.
(pdftex.def)             Requested size: 375.14705pt x 90.03297pt.
 [16 <./High-resolution surface reconstruction using Pixel-aligned Implicit Functions (PIFu).png> <./Comparison of joint volume loss in standard Linear Blend Skinning (LBS) vs. the corrected Pose Space Deformation (PSD).png>] [17] [18] [19]
Chapter 3.
<Methodology Chart.png, id=435, 2570.60374pt x 1978.39125pt>
File: Methodology Chart.png Graphic file (type png)
<use Methodology Chart.png>
Package pdftex.def Info: Methodology Chart.png  used on input line 618.
(pdftex.def)             Requested size: 375.14705pt x 288.71593pt.
<Estimate Joint Postures.png, id=437, 3928.6775pt x 6380.83875pt>
File: Estimate Joint Postures.png Graphic file (type png)
<use Estimate Joint Postures.png>
Package pdftex.def Info: Estimate Joint Postures.png  used on input line 629.
(pdftex.def)             Requested size: 353.62567pt x 574.34808pt.
[20

 <./Methodology Chart.png>] [21 <./Estimate Joint Postures.png>]
Underfull \hbox (badness 10000) in paragraph at lines 647--650

 []

[22]
<3D Skeletal Reconstruction.png, id=459, 2647.8925pt x 3244.12pt>
File: 3D Skeletal Reconstruction.png Graphic file (type png)
<use 3D Skeletal Reconstruction.png>
Package pdftex.def Info: 3D Skeletal Reconstruction.png  used on input line 660.
(pdftex.def)             Requested size: 343.026pt x 420.26537pt.
 [23 <./3D Skeletal Reconstruction.png>]
<Validation.png, id=467, 2659.9375pt x 3510.11375pt>
File: Validation.png Graphic file (type png)
<use Validation.png>
Package pdftex.def Info: Validation.png  used on input line 671.
(pdftex.def)             Requested size: 250.0991pt x 330.03644pt.
 [24 <./Validation.png>] [25{c:/texlive/2025/texmf-dist/fonts/enc/dvips/cm-super/cm-super-ts1.enc}]
Chapter 4.
<Timeline.png, id=499, 963.6pt x 1323.44438pt>
File: Timeline.png Graphic file (type png)
<use Timeline.png>
Package pdftex.def Info: Timeline.png  used on input line 710.
(pdftex.def)             Requested size: 320.96309pt x 440.81721pt.
[26

 <./TImeline.png>] [27]
Chapter 5.
(./main.bbl [28

] [29

]) [30] (./main.aux (./cover.aux))
 ***********
LaTeX2e <2025-11-01>
L3 programming layer <2025-12-29>
 ***********
Package rerunfilecheck Info: File `main.out' has not changed.
(rerunfilecheck)             Checksum: 8DA7B840235B8247AE3A3EA96B037ECA;5668.
 ) 
Here is how much of TeX's memory you used:
 19050 strings out of 467538
 431146 string characters out of 5423725
 783828 words of memory out of 5000000
 47641 multiletter control sequences out of 15000+600000
 645354 words of font info for 98 fonts, out of 8000000 for 9000
 1141 hyphenation exceptions out of 8191
 75i,12n,79p,1310b,751s stack positions out of 10000i,1000n,20000p,200000b,200000s
<c:/texlive/2025/texmf-dist/fonts/type1/public/amsfonts/cm/cmbx10.pfb><c:/texlive/2025/texmf-dist/fonts/type1/public/amsfonts/cm/cmbx12.pfb><c:/texlive/2025/texmf-dist/fonts/type1/public/amsfonts/cm/cmmi12.pfb><c:/texlive/2025/texmf-dist/fonts/type1/public/amsfonts/cm/cmmi8.pfb><c:/texlive/2025/texmf-dist/fonts/type1/public/amsfonts/cm/cmr10.pfb><c:/texlive/2025/texmf-dist/fonts/type1/public/amsfonts/cm/cmr12.pfb><c:/texlive/2025/texmf-dist/fonts/type1/public/amsfonts/cm/cmr17.pfb><c:/texlive/2025/texmf-dist/fonts/type1/public/amsfonts/cm/cmsy10.pfb><c:/texlive/2025/texmf-dist/fonts/type1/public/amsfonts/cm/cmti12.pfb><c:/texlive/2025/texmf-dist/fonts/type1/public/cm-super/sfrm1200.pfb>
Output written on main.pdf (37 pages, 6252527 bytes).
PDF statistics:
 607 PDF objects out of 1000 (max. 8388607)
 506 compressed objects within 6 object streams
 166 named destinations out of 1000 (max. 500000)
 312 words of extra memory for PDF output out of 10000 (max. 10000000)

