\BOOKMARK [0][-]{chapter*.1}{\376\377\000A\000c\000r\000o\000n\000y\000m\000s}{}% 1
\BOOKMARK [0][-]{chapter.1}{\376\377\000I\000n\000t\000r\000o\000d\000u\000c\000t\000i\000o\000n}{}% 2
\BOOKMARK [1][-]{section.1.1}{\376\377\000B\000a\000c\000k\000g\000r\000o\000u\000n\000d}{chapter.1}% 3
\BOOKMARK [1][-]{section.1.2}{\376\377\000P\000r\000o\000b\000l\000e\000m\000\040\000S\000t\000a\000t\000e\000m\000e\000n\000t}{chapter.1}% 4
\BOOKMARK [1][-]{section.1.3}{\376\377\000O\000b\000j\000e\000c\000t\000i\000v\000e\000s\000\040\000a\000n\000d\000\040\000S\000c\000o\000p\000e}{chapter.1}% 5
\BOOKMARK [2][-]{subsection.1.3.1}{\376\377\000A\000i\000m}{section.1.3}% 6
\BOOKMARK [2][-]{subsection.1.3.2}{\376\377\000O\000b\000j\000e\000c\000t\000i\000v\000e\000s}{section.1.3}% 7
\BOOKMARK [2][-]{subsection.1.3.3}{\376\377\000S\000c\000o\000p\000e}{section.1.3}% 8
\BOOKMARK [0][-]{chapter.2}{\376\377\000L\000i\000t\000e\000r\000a\000t\000u\000r\000e\000\040\000R\000e\000v\000i\000e\000w}{}% 9
\BOOKMARK [1][-]{section.2.1}{\376\377\000P\000r\000e\000v\000i\000o\000u\000s\000\040\000W\000o\000r\000k}{chapter.2}% 10
\BOOKMARK [2][-]{subsection.2.1.1}{\376\377\000D\000e\000v\000e\000l\000o\000p\000i\000n\000g\000\040\000t\000h\000e\000\040\000M\000o\000d\000e\000l\000s\000\040\000u\000s\000i\000n\000g\000\040\000S\000p\000a\000r\000s\000e\000\040\000I\000M\000U\000s\000\040\000t\000o\000\040\000E\000s\000t\000i\000m\000a\000t\000e\000\040\000t\000h\000e\000\040\000J\000o\000i\000n\000t\000\040\000P\000o\000s\000t\000u\000r\000e\000s\000\040\000a\000n\000d\000\040\000t\000h\000e\000\040\000O\000r\000i\000e\000n\000t\000a\000t\000i\000o\000n\000s}{section.2.1}% 11
\BOOKMARK [2][-]{subsection.2.1.2}{\376\377\000D\000e\000v\000e\000l\000o\000p\000i\000n\000g\000\040\000t\000h\000e\000\040\000M\000o\000d\000e\000l\000s\000\040\000u\000s\000i\000n\000g\000\040\000A\000c\000c\000e\000l\000e\000r\000o\000m\000e\000t\000e\000r\000s\000\040\000t\000o\000\040\000E\000s\000t\000i\000m\000a\000t\000e\000\040\000t\000h\000e\000\040\000J\000o\000i\000n\000t\000\040\000P\000o\000s\000t\000u\000r\000e\000s\000\040\000a\000n\000d\000\040\000t\000h\000e\000\040\000O\000r\000i\000e\000n\000t\000a\000t\000i\000o\000n\000s}{section.2.1}% 12
\BOOKMARK [2][-]{subsection.2.1.3}{\376\377\000H\000u\000m\000a\000n\000\040\000A\000c\000t\000i\000v\000i\000t\000y\000\040\000D\000e\000t\000e\000c\000t\000i\000o\000n\000\040\000U\000s\000i\000n\000g\000\040\000W\000W\000S\000N\000\040\000a\000n\000d\000\040\000A\000r\000t\000i\000f\000i\000c\000i\000a\000l\000\040\000I\000n\000t\000e\000l\000l\000i\000g\000e\000n\000c\000e}{section.2.1}% 13
\BOOKMARK [2][-]{subsection.2.1.4}{\376\377\0003\000D\000\040\000S\000k\000e\000l\000e\000t\000a\000l\000\040\000R\000e\000c\000o\000n\000s\000t\000r\000u\000c\000t\000i\000o\000n\000\040\000u\000s\000i\000n\000g\000\040\000P\000a\000r\000a\000m\000e\000t\000r\000i\000c\000\040\000P\000o\000s\000e\000\040\000A\000n\000g\000l\000e\000s}{section.2.1}% 14
\BOOKMARK [2][-]{subsection.2.1.5}{\376\377\0003\000D\000\040\000S\000k\000i\000n\000\040\000G\000e\000n\000e\000r\000a\000t\000i\000o\000n\000\040\000a\000n\000d\000\040\000S\000k\000e\000l\000e\000t\000a\000l\000\040\000B\000i\000n\000d\000i\000n\000g}{section.2.1}% 15
\BOOKMARK [2][-]{subsection.2.1.6}{\376\377\000V\000a\000l\000i\000d\000a\000t\000i\000o\000n\000\040\000f\000o\000r\000\040\000A\000c\000c\000e\000l\000e\000r\000o\000m\000e\000t\000e\000r\000-\000B\000a\000s\000e\000d\000\040\000A\000c\000t\000i\000v\000i\000t\000y\000\040\000R\000e\000c\000o\000n\000s\000t\000r\000u\000c\000t\000i\000o\000n}{section.2.1}% 16
\BOOKMARK [1][-]{section.2.2}{\376\377\000G\000a\000p\000s\000\040\000i\000n\000\040\000L\000i\000t\000e\000r\000a\000t\000u\000r\000e}{chapter.2}% 17
\BOOKMARK [2][-]{subsection.2.2.1}{\376\377\000D\000e\000v\000e\000l\000o\000p\000i\000n\000g\000\040\000t\000h\000e\000\040\000M\000o\000d\000e\000l\000s\000\040\000u\000s\000i\000n\000g\000\040\000A\000c\000c\000e\000l\000e\000r\000o\000m\000e\000t\000e\000r\000s\000\040\000t\000o\000\040\000E\000s\000t\000i\000m\000a\000t\000e\000\040\000t\000h\000e\000\040\000J\000o\000i\000n\000t\000\040\000P\000o\000s\000t\000u\000r\000e\000s\000\040\000a\000n\000d\000\040\000t\000h\000e\000\040\000O\000r\000i\000e\000n\000t\000a\000t\000i\000o\000n\000s\000\040}{section.2.2}% 18
\BOOKMARK [2][-]{subsection.2.2.2}{\376\377\000P\000a\000r\000a\000m\000e\000t\000r\000i\000c\000\040\000R\000e\000c\000o\000n\000s\000t\000r\000u\000c\000t\000i\000o\000n\000\040\000a\000n\000d\000\040\000A\000n\000a\000t\000o\000m\000i\000c\000a\000l\000\040\000B\000i\000n\000d\000i\000n\000g}{section.2.2}% 19
\BOOKMARK [0][-]{chapter.3}{\376\377\000M\000e\000t\000h\000o\000d\000o\000l\000o\000g\000y}{}% 20
\BOOKMARK [1][-]{section.3.1}{\376\377\000R\000e\000s\000e\000a\000r\000c\000h\000\040\000D\000e\000s\000i\000g\000n}{chapter.3}% 21
\BOOKMARK [1][-]{section.3.2}{\376\377\000D\000a\000t\000a\000\040\000C\000o\000l\000l\000e\000c\000t\000i\000o\000n}{chapter.3}% 22
\BOOKMARK [0][-]{chapter.4}{\376\377\000T\000i\000m\000e\000l\000i\000n\000e\000\040\000a\000n\000d\000\040\000R\000e\000s\000o\000u\000r\000c\000e\000\040\000R\000e\000q\000u\000i\000r\000e\000d}{}% 23
\BOOKMARK [1][-]{section.4.1}{\376\377\000T\000i\000m\000e\000l\000i\000n\000e}{chapter.4}% 24
\BOOKMARK [1][-]{section.4.2}{\376\377\000R\000e\000s\000o\000u\000r\000c\000e\000\040\000R\000e\000q\000u\000i\000r\000e\000d}{chapter.4}% 25
\BOOKMARK [0][-]{chapter.5}{\376\377\000C\000o\000n\000c\000l\000u\000s\000i\000o\000n}{}% 26
\BOOKMARK [0][-]{chapter.5}{\376\377\000R\000e\000f\000e\000r\000e\000n\000c\000e\000s}{}% 27
